<?xml version="1.0" encoding="UTF-8"?>
<!-- Generated by org.testng.reporters.JUnitReportReporter -->
<testsuite hostname="LAPTOP-1S9JIMTU" failures="0" tests="1" name="testscripts.Testcase2" time="0.001" errors="0" timestamp="2022-11-21T19:31:57 IST" skipped="0">
  <testcase classname="testscripts.Testcase2" name="tc2" time="0.001"/>
  <system-out>
hello java  </system-out>
</testsuite> <!-- testscripts.Testcase2 -->
