<?xml version="1.0" encoding="UTF-8"?>
<!-- Generated by org.testng.reporters.JUnitReportReporter -->
<testsuite hostname="LAPTOP-1S9JIMTU" failures="0" tests="1" name="testscripts.Testcase4" time="0.002" errors="0" timestamp="2022-11-21T19:31:57 IST" skipped="0">
  <testcase classname="testscripts.Testcase4" name="tc4" time="0.002"/>
  <system-out>
Hello Appium  </system-out>
</testsuite> <!-- testscripts.Testcase4 -->
